<?xml version="1.0" encoding="UTF-8"?>
<!-- Generated by org.testng.reporters.JUnitReportReporter -->
<testsuite skipped="0" hostname="DESKTOP-3A4C4UN" name="login.LoginTest" tests="1" failures="0" timestamp="2020-07-04T17:44:26 CEST" time="1.811" errors="0">
  <testcase name="loginNormalUserAndLogOut" time="1.811" classname="login.LoginTest"/>
  <system-out/>
</testsuite> <!-- login.LoginTest -->
